/Applications/CLion.app/Contents/bin/cmake/mac/bin/cmake -DCMAKE_BUILD_TYPE=Debug -DCMAKE_MAKE_PROGRAM=/Applications/CLion.app/Contents/bin/ninja/mac/ninja -D CMAKE_CXX_COMPILER=/usr/local/bin/g++-12 -G Ninja -S /Users/seph/Documents/Dev/git/algorithm-study/algorithm-cpp -B /Users/seph/Documents/Dev/git/algorithm-study/algorithm-cpp/cmake-build-debug
-- The CXX compiler identification is GNU 12.2.0
-- Checking whether CXX compiler has -isysroot
-- Checking whether CXX compiler has -isysroot - yes
-- Checking whether CXX compiler supports OSX deployment target flag
-- Checking whether CXX compiler supports OSX deployment target flag - yes
-- Detecting CXX compiler ABI info
-- Detecting CXX compiler ABI info - failed
-- Check for working CXX compiler: /usr/local/bin/g++-12
-- Check for working CXX compiler: /usr/local/bin/g++-12 - broken
CMake Error at /Applications/CLion.app/Contents/bin/cmake/mac/share/cmake-3.24/Modules/CMakeTestCXXCompiler.cmake:62 (message):
  The C++ compiler

    "/usr/local/bin/g++-12"

  is not able to compile a simple test program.

  It fails with the following output:

    Change Dir: /Users/seph/Documents/Dev/git/algorithm-study/algorithm-cpp/cmake-build-debug/CMakeFiles/CMakeTmp
    
    Run Build Command(s):/Applications/CLion.app/Contents/bin/ninja/mac/ninja cmTC_5c1da && [1/2] Building CXX object CMakeFiles/cmTC_5c1da.dir/testCXXCompiler.cxx.o
    [2/2] Linking CXX executable cmTC_5c1da
    FAILED: cmTC_5c1da 
    : && /usr/local/bin/g++-12 -isysroot /Library/Developer/CommandLineTools/SDKs/MacOSX13.1.sdk -Wl,-search_paths_first -Wl,-headerpad_max_install_names  CMakeFiles/cmTC_5c1da.dir/testCXXCompiler.cxx.o -o cmTC_5c1da   && :
    ld: unsupported tapi file type '!tapi-tbd' in YAML file '/Library/Developer/CommandLineTools/SDKs/MacOSX13.1.sdk/usr/lib/libSystem.tbd' for architecture x86_64
    collect2: error: ld returned 1 exit status
    ninja: build stopped: subcommand failed.
    
    

  

  CMake will not be able to correctly generate this project.
Call Stack (most recent call first):
  CMakeLists.txt:2 (project)


-- Configuring incomplete, errors occurred!
See also "/Users/seph/Documents/Dev/git/algorithm-study/algorithm-cpp/cmake-build-debug/CMakeFiles/CMakeOutput.log".
See also "/Users/seph/Documents/Dev/git/algorithm-study/algorithm-cpp/cmake-build-debug/CMakeFiles/CMakeError.log".
